# JRE version: Java(TM) SE Runtime Environment (12.0.2+10) (build 12.0.2+10)
# Java VM: Java HotSpot(TM) 64-Bit Server VM (12.0.2+10, mixed mode, sharing, tiered, compressed oops, g1 gc, windows-amd64)
Heap:
 garbage-first heap   total 121856K, used 81931K [0x00000000c0000000, 0x0000000100000000)
  region size 1024K, 22 young (22528K), 4 survivors (4096K)
 Metaspace       used 62684K, capacity 64383K, committed 64640K, reserved 1105920K
  class space    used 8232K, capacity 8788K, committed 8832K, reserved 1048576K
GC Heap History (10 events):
Event: 8.408 GC heap before
{Heap before GC invocations=27 (full 0):
 garbage-first heap   total 97280K, used 75570K [0x00000000c0000000, 0x0000000100000000)
  region size 1024K, 22 young (22528K), 3 survivors (3072K)
 Metaspace       used 57680K, capacity 59374K, committed 59520K, reserved 1099776K
  class space    used 7755K, capacity 8293K, committed 8320K, reserved 1048576K
}
Event: 8.412 GC heap after
{Heap after GC invocations=28 (full 0):
 garbage-first heap   total 97280K, used 58700K [0x00000000c0000000, 0x0000000100000000)
  region size 1024K, 3 young (3072K), 3 survivors (3072K)
 Metaspace       used 57680K, capacity 59374K, committed 59520K, reserved 1099776K
  class space    used 7755K, capacity 8293K, committed 8320K, reserved 1048576K
}
Event: 8.769 GC heap before
{Heap before GC invocations=29 (full 0):
 garbage-first heap   total 106496K, used 77132K [0x00000000c0000000, 0x0000000100000000)
  region size 1024K, 21 young (21504K), 3 survivors (3072K)
 Metaspace       used 59535K, capacity 61225K, committed 61312K, reserved 1101824K
  class space    used 8003K, capacity 8522K, committed 8576K, reserved 1048576K
}
Event: 8.773 GC heap after
{Heap after GC invocations=30 (full 0):
 garbage-first heap   total 106496K, used 60124K [0x00000000c0000000, 0x0000000100000000)
  region size 1024K, 2 young (2048K), 2 survivors (2048K)
 Metaspace       used 59535K, capacity 61225K, committed 61312K, reserved 1101824K
  class space    used 8003K, capacity 8522K, committed 8576K, reserved 1048576K
}
Event: 9.182 GC heap before
{Heap before GC invocations=30 (full 0):
 garbage-first heap   total 106496K, used 80604K [0x00000000c0000000, 0x0000000100000000)
  region size 1024K, 23 young (23552K), 2 survivors (2048K)
 Metaspace       used 59864K, capacity 61548K, committed 61824K, reserved 1101824K
  class space    used 8008K, capacity 8523K, committed 8576K, reserved 1048576K
}
Event: 9.186 GC heap after
{Heap after GC invocations=31 (full 0):
 garbage-first heap   total 106496K, used 61369K [0x00000000c0000000, 0x0000000100000000)
  region size 1024K, 3 young (3072K), 3 survivors (3072K)
 Metaspace       used 59864K, capacity 61548K, committed 61824K, reserved 1101824K
  class space    used 8008K, capacity 8523K, committed 8576K, reserved 1048576K
}
Event: 9.705 GC heap before
{Heap before GC invocations=32 (full 0):
 garbage-first heap   total 111616K, used 81849K [0x00000000c0000000, 0x0000000100000000)
  region size 1024K, 24 young (24576K), 3 survivors (3072K)
 Metaspace       used 60370K, capacity 62120K, committed 62464K, reserved 1103872K
  class space    used 8043K, capacity 8597K, committed 8704K, reserved 1048576K
}
Event: 9.709 GC heap after
{Heap after GC invocations=33 (full 0):
 garbage-first heap   total 111616K, used 63703K [0x00000000c0000000, 0x0000000100000000)
  region size 1024K, 3 young (3072K), 3 survivors (3072K)
 Metaspace       used 60370K, capacity 62120K, committed 62464K, reserved 1103872K
  class space    used 8043K, capacity 8597K, committed 8704K, reserved 1048576K
}
Event: 9.990 GC heap before
{Heap before GC invocations=33 (full 0):
 garbage-first heap   total 111616K, used 85207K [0x00000000c0000000, 0x0000000100000000)
  region size 1024K, 25 young (25600K), 3 survivors (3072K)
 Metaspace       used 60525K, capacity 62263K, committed 62464K, reserved 1103872K
  class space    used 8055K, capacity 8601K, committed 8704K, reserved 1048576K
}
Event: 9.994 GC heap after
{Heap after GC invocations=34 (full 0):
 garbage-first heap   total 111616K, used 65547K [0x00000000c0000000, 0x0000000100000000)
  region size 1024K, 4 young (4096K), 4 survivors (4096K)
 Metaspace       used 60525K, capacity 62263K, committed 62464K, reserved 1103872K
  class space    used 8055K, capacity 8601K, committed 8704K, reserved 1048576K
}

