# JRE version: Java(TM) SE Runtime Environment (12.0.2+10) (build 12.0.2+10)
# Java VM: Java HotSpot(TM) 64-Bit Server VM (12.0.2+10, mixed mode, sharing, tiered, compressed oops, g1 gc, windows-amd64)
Heap:
 garbage-first heap   total 137216K, used 90495K [0x00000000c0000000, 0x0000000100000000)
  region size 1024K, 19 young (19456K), 3 survivors (3072K)
 Metaspace       used 65724K, capacity 67548K, committed 67712K, reserved 1107968K
  class space    used 8410K, capacity 9002K, committed 9088K, reserved 1048576K
GC Heap History (10 events):
Event: 20.264 GC heap before
{Heap before GC invocations=34 (full 0):
 garbage-first heap   total 121856K, used 90279K [0x00000000c0000000, 0x0000000100000000)
  region size 1024K, 29 young (29696K), 4 survivors (4096K)
 Metaspace       used 61767K, capacity 63489K, committed 63616K, reserved 1103872K
  class space    used 8185K, capacity 8759K, committed 8832K, reserved 1048576K
}
Event: 20.268 GC heap after
{Heap after GC invocations=35 (full 0):
 garbage-first heap   total 121856K, used 67372K [0x00000000c0000000, 0x0000000100000000)
  region size 1024K, 2 young (2048K), 2 survivors (2048K)
 Metaspace       used 61767K, capacity 63489K, committed 63616K, reserved 1103872K
  class space    used 8185K, capacity 8759K, committed 8832K, reserved 1048576K
}
Event: 77.926 GC heap before
{Heap before GC invocations=36 (full 0):
 garbage-first heap   total 121856K, used 91948K [0x00000000c0000000, 0x0000000100000000)
  region size 1024K, 27 young (27648K), 2 survivors (2048K)
 Metaspace       used 64660K, capacity 66488K, committed 66560K, reserved 1107968K
  class space    used 8372K, capacity 8936K, committed 8960K, reserved 1048576K
}
Event: 77.929 GC heap after
{Heap after GC invocations=37 (full 0):
 garbage-first heap   total 121856K, used 69282K [0x00000000c0000000, 0x0000000100000000)
  region size 1024K, 4 young (4096K), 4 survivors (4096K)
 Metaspace       used 64660K, capacity 66488K, committed 66560K, reserved 1107968K
  class space    used 8372K, capacity 8936K, committed 8960K, reserved 1048576K
}
Event: 78.526 GC heap before
{Heap before GC invocations=37 (full 0):
 garbage-first heap   total 121856K, used 94882K [0x00000000c0000000, 0x0000000100000000)
  region size 1024K, 29 young (29696K), 4 survivors (4096K)
 Metaspace       used 64986K, capacity 66776K, committed 66816K, reserved 1107968K
  class space    used 8381K, capacity 8953K, committed 8960K, reserved 1048576K
}
Event: 78.540 GC heap after
{Heap after GC invocations=38 (full 0):
 garbage-first heap   total 121856K, used 73192K [0x00000000c0000000, 0x0000000100000000)
  region size 1024K, 4 young (4096K), 4 survivors (4096K)
 Metaspace       used 64986K, capacity 66776K, committed 66816K, reserved 1107968K
  class space    used 8381K, capacity 8953K, committed 8960K, reserved 1048576K
}
Event: 79.316 GC heap before
{Heap before GC invocations=39 (full 0):
 garbage-first heap   total 128000K, used 95720K [0x00000000c0000000, 0x0000000100000000)
  region size 1024K, 27 young (27648K), 4 survivors (4096K)
 Metaspace       used 65173K, capacity 66925K, committed 67072K, reserved 1107968K
  class space    used 8385K, capacity 8960K, committed 8960K, reserved 1048576K
}
Event: 79.321 GC heap after
{Heap after GC invocations=40 (full 0):
 garbage-first heap   total 128000K, used 74264K [0x00000000c0000000, 0x0000000100000000)
  region size 1024K, 2 young (2048K), 2 survivors (2048K)
 Metaspace       used 65173K, capacity 66925K, committed 67072K, reserved 1107968K
  class space    used 8385K, capacity 8960K, committed 8960K, reserved 1048576K
}
Event: 245.202 GC heap before
{Heap before GC invocations=40 (full 0):
 garbage-first heap   total 128000K, used 99864K [0x00000000c0000000, 0x0000000100000000)
  region size 1024K, 28 young (28672K), 2 survivors (2048K)
 Metaspace       used 65543K, capacity 67378K, committed 67712K, reserved 1107968K
  class space    used 8404K, capacity 8991K, committed 9088K, reserved 1048576K
}
Event: 245.211 GC heap after
{Heap after GC invocations=41 (full 0):
 garbage-first heap   total 128000K, used 76159K [0x00000000c0000000, 0x0000000100000000)
  region size 1024K, 3 young (3072K), 3 survivors (3072K)
 Metaspace       used 65543K, capacity 67378K, committed 67712K, reserved 1107968K
  class space    used 8404K, capacity 8991K, committed 9088K, reserved 1048576K
}

