# JRE version: Java(TM) SE Runtime Environment (12.0.2+10) (build 12.0.2+10)
# Java VM: Java HotSpot(TM) 64-Bit Server VM (12.0.2+10, mixed mode, sharing, tiered, compressed oops, g1 gc, windows-amd64)
Heap:
 garbage-first heap   total 131072K, used 77630K [0x00000000c0000000, 0x0000000100000000)
  region size 1024K, 10 young (10240K), 4 survivors (4096K)
 Metaspace       used 66391K, capacity 68127K, committed 68352K, reserved 1107968K
  class space    used 8787K, capacity 9357K, committed 9472K, reserved 1048576K
GC Heap History (10 events):
Event: 33.878 GC heap before
{Heap before GC invocations=31 (full 0):
 garbage-first heap   total 106496K, used 83107K [0x00000000c0000000, 0x0000000100000000)
  region size 1024K, 21 young (21504K), 2 survivors (2048K)
 Metaspace       used 64400K, capacity 66057K, committed 66304K, reserved 1105920K
  class space    used 8629K, capacity 9169K, committed 9216K, reserved 1048576K
}
Event: 33.885 GC heap after
{Heap after GC invocations=32 (full 0):
 garbage-first heap   total 106496K, used 65760K [0x00000000c0000000, 0x0000000100000000)
  region size 1024K, 3 young (3072K), 3 survivors (3072K)
 Metaspace       used 64400K, capacity 66057K, committed 66304K, reserved 1105920K
  class space    used 8629K, capacity 9169K, committed 9216K, reserved 1048576K
}
Event: 36.344 GC heap before
{Heap before GC invocations=33 (full 0):
 garbage-first heap   total 112640K, used 83168K [0x00000000c0000000, 0x0000000100000000)
  region size 1024K, 21 young (21504K), 3 survivors (3072K)
 Metaspace       used 65349K, capacity 67029K, committed 67200K, reserved 1107968K
  class space    used 8727K, capacity 9300K, committed 9344K, reserved 1048576K
}
Event: 36.347 GC heap after
{Heap after GC invocations=34 (full 0):
 garbage-first heap   total 112640K, used 67134K [0x00000000c0000000, 0x0000000100000000)
  region size 1024K, 2 young (2048K), 2 survivors (2048K)
 Metaspace       used 65349K, capacity 67029K, committed 67200K, reserved 1107968K
  class space    used 8727K, capacity 9300K, committed 9344K, reserved 1048576K
}
Event: 38.483 GC heap before
{Heap before GC invocations=34 (full 0):
 garbage-first heap   total 112640K, used 87614K [0x00000000c0000000, 0x0000000100000000)
  region size 1024K, 22 young (22528K), 2 survivors (2048K)
 Metaspace       used 65763K, capacity 67545K, committed 67712K, reserved 1107968K
  class space    used 8739K, capacity 9301K, committed 9344K, reserved 1048576K
}
Event: 38.486 GC heap after
{Heap after GC invocations=35 (full 0):
 garbage-first heap   total 112640K, used 68100K [0x00000000c0000000, 0x0000000100000000)
  region size 1024K, 3 young (3072K), 3 survivors (3072K)
 Metaspace       used 65763K, capacity 67545K, committed 67712K, reserved 1107968K
  class space    used 8739K, capacity 9301K, committed 9344K, reserved 1048576K
}
Event: 39.030 GC heap before
{Heap before GC invocations=36 (full 0):
 garbage-first heap   total 119808K, used 87556K [0x00000000c0000000, 0x0000000100000000)
  region size 1024K, 23 young (23552K), 3 survivors (3072K)
 Metaspace       used 66162K, capacity 67957K, committed 67968K, reserved 1107968K
  class space    used 8769K, capacity 9343K, committed 9344K, reserved 1048576K
}
Event: 39.034 GC heap after
{Heap after GC invocations=37 (full 0):
 garbage-first heap   total 119808K, used 70546K [0x00000000c0000000, 0x0000000100000000)
  region size 1024K, 3 young (3072K), 3 survivors (3072K)
 Metaspace       used 66162K, capacity 67957K, committed 67968K, reserved 1107968K
  class space    used 8769K, capacity 9343K, committed 9344K, reserved 1048576K
}
Event: 39.370 GC heap before
{Heap before GC invocations=37 (full 0):
 garbage-first heap   total 119808K, used 93074K [0x00000000c0000000, 0x0000000100000000)
  region size 1024K, 26 young (26624K), 3 survivors (3072K)
 Metaspace       used 66362K, capacity 68127K, committed 68352K, reserved 1107968K
  class space    used 8787K, capacity 9357K, committed 9472K, reserved 1048576K
}
Event: 39.374 GC heap after
{Heap after GC invocations=38 (full 0):
 garbage-first heap   total 119808K, used 72510K [0x00000000c0000000, 0x0000000100000000)
  region size 1024K, 4 young (4096K), 4 survivors (4096K)
 Metaspace       used 66362K, capacity 68127K, committed 68352K, reserved 1107968K
  class space    used 8787K, capacity 9357K, committed 9472K, reserved 1048576K
}

