# JRE version: Java(TM) SE Runtime Environment (12.0.2+10) (build 12.0.2+10)
# Java VM: Java HotSpot(TM) 64-Bit Server VM (12.0.2+10, mixed mode, sharing, tiered, compressed oops, g1 gc, windows-amd64)
Heap:
 garbage-first heap   total 71680K, used 24062K [0x00000000c0000000, 0x0000000100000000)
  region size 1024K, 8 young (8192K), 3 survivors (3072K)
 Metaspace       used 25527K, capacity 26193K, committed 26368K, reserved 1071104K
  class space    used 3509K, capacity 3715K, committed 3840K, reserved 1048576K
GC Heap History (6 events):
Event: 0.470 GC heap before
{Heap before GC invocations=0 (full 0):
 garbage-first heap   total 131072K, used 25600K [0x00000000c0000000, 0x0000000100000000)
  region size 1024K, 24 young (24576K), 0 survivors (0K)
 Metaspace       used 3576K, capacity 6516K, committed 6656K, reserved 1056768K
  class space    used 468K, capacity 766K, committed 768K, reserved 1048576K
}
Event: 0.475 GC heap after
{Heap after GC invocations=1 (full 0):
 garbage-first heap   total 131072K, used 6725K [0x00000000c0000000, 0x0000000100000000)
  region size 1024K, 3 young (3072K), 3 survivors (3072K)
 Metaspace       used 3576K, capacity 6516K, committed 6656K, reserved 1056768K
  class space    used 468K, capacity 766K, committed 768K, reserved 1048576K
}
Event: 1.793 GC heap before
{Heap before GC invocations=1 (full 0):
 garbage-first heap   total 131072K, used 81477K [0x00000000c0000000, 0x0000000100000000)
  region size 1024K, 76 young (77824K), 3 survivors (3072K)
 Metaspace       used 13434K, capacity 13955K, committed 14080K, reserved 1060864K
  class space    used 2025K, capacity 2200K, committed 2304K, reserved 1048576K
}
Event: 1.798 GC heap after
{Heap after GC invocations=2 (full 0):
 garbage-first heap   total 131072K, used 13620K [0x00000000c0000000, 0x0000000100000000)
  region size 1024K, 10 young (10240K), 10 survivors (10240K)
 Metaspace       used 13434K, capacity 13955K, committed 14080K, reserved 1060864K
  class space    used 2025K, capacity 2200K, committed 2304K, reserved 1048576K
}
Event: 2.332 GC heap before
{Heap before GC invocations=2 (full 0):
 garbage-first heap   total 131072K, used 50484K [0x00000000c0000000, 0x0000000100000000)
  region size 1024K, 44 young (45056K), 10 survivors (10240K)
 Metaspace       used 20712K, capacity 21192K, committed 21248K, reserved 1067008K
  class space    used 2847K, capacity 3054K, committed 3072K, reserved 1048576K
}
Event: 2.341 GC heap after
{Heap after GC invocations=3 (full 0):
 garbage-first heap   total 131072K, used 19334K [0x00000000c0000000, 0x0000000100000000)
  region size 1024K, 4 young (4096K), 4 survivors (4096K)
 Metaspace       used 20712K, capacity 21192K, committed 21248K, reserved 1067008K
  class space    used 2847K, capacity 3054K, committed 3072K, reserved 1048576K
}

