# JRE version: Java(TM) SE Runtime Environment (12.0.2+10) (build 12.0.2+10)
# Java VM: Java HotSpot(TM) 64-Bit Server VM (12.0.2+10, mixed mode, sharing, tiered, compressed oops, g1 gc, windows-amd64)
Heap:
 garbage-first heap   total 87040K, used 61329K [0x00000000c0000000, 0x0000000100000000)
  region size 1024K, 17 young (17408K), 3 survivors (3072K)
 Metaspace       used 55058K, capacity 56469K, committed 56576K, reserved 1097728K
  class space    used 7406K, capacity 7858K, committed 7936K, reserved 1048576K
GC Heap History (10 events):
Event: 5.810 GC heap before
{Heap before GC invocations=16 (full 0):
 garbage-first heap   total 76800K, used 59502K [0x00000000c0000000, 0x0000000100000000)
  region size 1024K, 18 young (18432K), 1 survivors (1024K)
 Metaspace       used 47045K, capacity 48070K, committed 48256K, reserved 1091584K
  class space    used 6322K, capacity 6663K, committed 6784K, reserved 1048576K
}
Event: 5.812 GC heap after
{Heap after GC invocations=17 (full 0):
 garbage-first heap   total 76800K, used 43189K [0x00000000c0000000, 0x0000000100000000)
  region size 1024K, 2 young (2048K), 2 survivors (2048K)
 Metaspace       used 47045K, capacity 48070K, committed 48256K, reserved 1091584K
  class space    used 6322K, capacity 6663K, committed 6784K, reserved 1048576K
}
Event: 6.069 GC heap before
{Heap before GC invocations=18 (full 0):
 garbage-first heap   total 80896K, used 59573K [0x00000000c0000000, 0x0000000100000000)
  region size 1024K, 19 young (19456K), 2 survivors (2048K)
 Metaspace       used 48260K, capacity 49363K, committed 49536K, reserved 1091584K
  class space    used 6426K, capacity 6784K, committed 6784K, reserved 1048576K
}
Event: 6.071 GC heap after
{Heap after GC invocations=19 (full 0):
 garbage-first heap   total 80896K, used 43499K [0x00000000c0000000, 0x0000000100000000)
  region size 1024K, 2 young (2048K), 2 survivors (2048K)
 Metaspace       used 48260K, capacity 49363K, committed 49536K, reserved 1091584K
  class space    used 6426K, capacity 6784K, committed 6784K, reserved 1048576K
}
Event: 6.333 GC heap before
{Heap before GC invocations=19 (full 0):
 garbage-first heap   total 80896K, used 62955K [0x00000000c0000000, 0x0000000100000000)
  region size 1024K, 21 young (21504K), 2 survivors (2048K)
 Metaspace       used 50837K, capacity 52041K, committed 52352K, reserved 1093632K
  class space    used 6812K, capacity 7193K, committed 7296K, reserved 1048576K
}
Event: 6.337 GC heap after
{Heap after GC invocations=20 (full 0):
 garbage-first heap   total 80896K, used 44216K [0x00000000c0000000, 0x0000000100000000)
  region size 1024K, 3 young (3072K), 3 survivors (3072K)
 Metaspace       used 50837K, capacity 52041K, committed 52352K, reserved 1093632K
  class space    used 6812K, capacity 7193K, committed 7296K, reserved 1048576K
}
Event: 6.553 GC heap before
{Heap before GC invocations=21 (full 0):
 garbage-first heap   total 81920K, used 63672K [0x00000000c0000000, 0x0000000100000000)
  region size 1024K, 22 young (22528K), 3 survivors (3072K)
 Metaspace       used 53172K, capacity 54394K, committed 54656K, reserved 1095680K
  class space    used 7121K, capacity 7529K, committed 7552K, reserved 1048576K
}
Event: 6.556 GC heap after
{Heap after GC invocations=22 (full 0):
 garbage-first heap   total 81920K, used 45530K [0x00000000c0000000, 0x0000000100000000)
  region size 1024K, 3 young (3072K), 3 survivors (3072K)
 Metaspace       used 53172K, capacity 54394K, committed 54656K, reserved 1095680K
  class space    used 7121K, capacity 7529K, committed 7552K, reserved 1048576K
}
Event: 6.763 GC heap before
{Heap before GC invocations=22 (full 0):
 garbage-first heap   total 81920K, used 64986K [0x00000000c0000000, 0x0000000100000000)
  region size 1024K, 22 young (22528K), 3 survivors (3072K)
 Metaspace       used 54366K, capacity 55588K, committed 55680K, reserved 1097728K
  class space    used 7306K, capacity 7734K, committed 7808K, reserved 1048576K
}
Event: 6.769 GC heap after
{Heap after GC invocations=23 (full 0):
 garbage-first heap   total 81920K, used 48017K [0x00000000c0000000, 0x0000000100000000)
  region size 1024K, 3 young (3072K), 3 survivors (3072K)
 Metaspace       used 54366K, capacity 55588K, committed 55680K, reserved 1097728K
  class space    used 7306K, capacity 7734K, committed 7808K, reserved 1048576K
}

