# JRE version: Java(TM) SE Runtime Environment (12.0.2+10) (build 12.0.2+10)
# Java VM: Java HotSpot(TM) 64-Bit Server VM (12.0.2+10, mixed mode, sharing, tiered, compressed oops, g1 gc, windows-amd64)
Heap:
 garbage-first heap   total 97280K, used 43128K [0x00000000c0000000, 0x0000000100000000)
  region size 1024K, 2 young (2048K), 2 survivors (2048K)
 Metaspace       used 48258K, capacity 49363K, committed 49536K, reserved 1091584K
  class space    used 6428K, capacity 6784K, committed 6784K, reserved 1048576K
GC Heap History (10 events):
Event: 4.074 GC heap after
{Heap after GC invocations=11 (full 0):
 garbage-first heap   total 71680K, used 36066K [0x00000000c0000000, 0x0000000100000000)
  region size 1024K, 2 young (2048K), 2 survivors (2048K)
 Metaspace       used 39016K, capacity 39956K, committed 40192K, reserved 1083392K
  class space    used 5253K, capacity 5505K, committed 5632K, reserved 1048576K
}
Event: 4.289 GC heap before
{Heap before GC invocations=12 (full 0):
 garbage-first heap   total 71680K, used 54498K [0x00000000c0000000, 0x0000000100000000)
  region size 1024K, 19 young (19456K), 2 survivors (2048K)
 Metaspace       used 40403K, capacity 41305K, committed 41600K, reserved 1085440K
  class space    used 5417K, capacity 5697K, committed 5760K, reserved 1048576K
}
Event: 4.292 GC heap after
{Heap after GC invocations=13 (full 0):
 garbage-first heap   total 71680K, used 38647K [0x00000000c0000000, 0x0000000100000000)
  region size 1024K, 3 young (3072K), 3 survivors (3072K)
 Metaspace       used 40403K, capacity 41305K, committed 41600K, reserved 1085440K
  class space    used 5417K, capacity 5697K, committed 5760K, reserved 1048576K
}
Event: 4.425 GC heap before
{Heap before GC invocations=13 (full 0):
 garbage-first heap   total 71680K, used 55031K [0x00000000c0000000, 0x0000000100000000)
  region size 1024K, 19 young (19456K), 3 survivors (3072K)
 Metaspace       used 40876K, capacity 41799K, committed 41984K, reserved 1085440K
  class space    used 5498K, capacity 5799K, committed 5888K, reserved 1048576K
}
Event: 4.430 GC heap after
{Heap after GC invocations=14 (full 0):
 garbage-first heap   total 71680K, used 41086K [0x00000000c0000000, 0x0000000100000000)
  region size 1024K, 3 young (3072K), 3 survivors (3072K)
 Metaspace       used 40876K, capacity 41799K, committed 41984K, reserved 1085440K
  class space    used 5498K, capacity 5799K, committed 5888K, reserved 1048576K
}
Event: 4.621 GC heap before
{Heap before GC invocations=15 (full 0):
 garbage-first heap   total 76800K, used 55422K [0x00000000c0000000, 0x0000000100000000)
  region size 1024K, 17 young (17408K), 3 survivors (3072K)
 Metaspace       used 42616K, capacity 43591K, committed 43776K, reserved 1087488K
  class space    used 5769K, capacity 6096K, committed 6144K, reserved 1048576K
}
Event: 4.624 GC heap after
{Heap after GC invocations=16 (full 0):
 garbage-first heap   total 76800K, used 41695K [0x00000000c0000000, 0x0000000100000000)
  region size 1024K, 1 young (1024K), 1 survivors (1024K)
 Metaspace       used 42616K, capacity 43591K, committed 43776K, reserved 1087488K
  class space    used 5769K, capacity 6096K, committed 6144K, reserved 1048576K
}
Event: 4.887 GC heap before
{Heap before GC invocations=16 (full 0):
 garbage-first heap   total 76800K, used 59103K [0x00000000c0000000, 0x0000000100000000)
  region size 1024K, 18 young (18432K), 1 survivors (1024K)
 Metaspace       used 47069K, capacity 48069K, committed 48256K, reserved 1091584K
  class space    used 6326K, capacity 6663K, committed 6784K, reserved 1048576K
}
Event: 4.890 GC heap after
{Heap after GC invocations=17 (full 0):
 garbage-first heap   total 76800K, used 42755K [0x00000000c0000000, 0x0000000100000000)
  region size 1024K, 2 young (2048K), 2 survivors (2048K)
 Metaspace       used 47069K, capacity 48069K, committed 48256K, reserved 1091584K
  class space    used 6326K, capacity 6663K, committed 6784K, reserved 1048576K
}
Event: 5.107 GC heap before
{Heap before GC invocations=18 (full 0):
 garbage-first heap   total 80896K, used 60163K [0x00000000c0000000, 0x0000000100000000)
  region size 1024K, 19 young (19456K), 2 survivors (2048K)
 Metaspace       used 48258K, capacity 49363K, committed 49536K, reserved 1091584K
  class space    used 6428K, capacity 6784K, committed 6784K, reserved 1048576K
}

